<?xml version="1.0" encoding="UTF-8"?>
<!-- Generated by org.testng.reporters.JUnitXMLReporter -->
<testsuite ignored="0" hostname="DESKTOP-8GPJC4Q" failures="0" tests="1" name="Test2" time="0.034" errors="0" timestamp="2022-11-04T10:54:00 IST">
  <testcase classname="testclasspackage.testclasswithbaseclass" name="@BeforeClass beforeclasAnnotation" time="0.006">
    <failure type="java.lang.IllegalStateException" message="The driver executable does not exist: C:\Users\renuk\Desktop\Automation\firebox.exe">
      <![CDATA[java.lang.IllegalStateException: The driver executable does not exist: C:\Users\renuk\Desktop\Automation\firebox.exe
at com.google.common.base.Preconditions.checkState(Preconditions.java:585)
at org.openqa.selenium.remote.service.DriverService.checkExecutable(DriverService.java:146)
at org.openqa.selenium.remote.service.DriverService.findExecutable(DriverService.java:141)
at org.openqa.selenium.chrome.ChromeDriverService.access$000(ChromeDriverService.java:35)
at org.openqa.selenium.chrome.ChromeDriverService$Builder.findDefaultExecutable(ChromeDriverService.java:159)
at org.openqa.selenium.remote.service.DriverService$Builder.build(DriverService.java:355)
at org.openqa.selenium.chrome.ChromeDriverService.createDefaultService(ChromeDriverService.java:94)
at org.openqa.selenium.chrome.ChromeDriver.<init>(ChromeDriver.java:123)
at basepackage.baseclass.browserlaunch(baseclass.java:16)
at testclasspackage.testclasswithbaseclass.beforeclasAnnotation(testclasswithbaseclass.java:16)
at java.base/java.util.ArrayList.forEach(ArrayList.java:1511)
... Removed 25 stack frames]]>
    </failure>
  </testcase> <!-- @BeforeClass beforeclasAnnotation -->
  <testcase classname="testclasspackage.testclasswithbaseclass" name="TC01" time="0.0">
    <skipped/>
  </testcase> <!-- TC01 -->
</testsuite> <!-- Test2 -->
